#
# A fatal error has been detected by the Java Runtime Environment:
#
#  EXCEPTION_ACCESS_VIOLATION (0xc0000005) at pc=0x00007ff8377669da, pid=15752, tid=9632
#
# JRE version: Java(TM) SE Runtime Environment (8.0_66-b18) (build 1.8.0_66-b18)
# Java VM: Java HotSpot(TM) 64-Bit Server VM (25.66-b18 mixed mode windows-amd64 compressed oops)
# Problematic frame:
# C  [OpenGL32.dll+0xa69da]
#
# Failed to write core dump. Minidumps are not enabled by default on client versions of Windows
#
# If you would like to submit a bug report, please visit:
#   http://bugreport.java.com/bugreport/crash.jsp
# The crash happened outside the Java Virtual Machine in native code.
# See problematic frame for where to report the bug.
#

---------------  T H R E A D  ---------------

Current thread (0x0000000016e0c800):  JavaThread "AWT-EventQueue-0" [_thread_in_native, id=9632, stack(0x0000000017a40000,0x0000000017b40000)]

siginfo: ExceptionCode=0xc0000005, reading address 0x0000000000000000

Registers:
RAX=0x0000000000000000, RBX=0x0000000000607780, RCX=0x0000000000000000, RDX=0x00000000006059f8
RSP=0x0000000017b3c710, RBP=0x0000000017b3c810, RSI=0x00000000006033e0, RDI=0x0000000000000000
R8 =0x0000000000000000, R9 =0x0000000000607780, R10=0x0000000000000001, R11=0x0000000000000000
R12=0x00000000006033f0, R13=0x00000000006032f0, R14=0x0000000017b3c870, R15=0x0000000000000000
RIP=0x00007ff8377669da, EFLAGS=0x0000000000010246

Top of Stack: (sp=0x0000000017b3c710)
0x0000000017b3c710:   0000000017b3c810 0000000000000000
0x0000000017b3c720:   0000000000000000 0000000075bacef2
0x0000000017b3c730:   0000000014450e40 0000000016e0c800
0x0000000017b3c740:   00000001ffffffff 0000000800000000
0x0000000017b3c750:   0000000000607780 00000000ffffffff
0x0000000017b3c760:   0000000000000000 0000000000000000
0x0000000017b3c770:   0000000000000000 0000000016e0c800
0x0000000017b3c780:   0000000000000000 000000007593c19c
0x0000000017b3c790:   000000010011b4c0 00000000006032f0
0x0000000017b3c7a0:   0000000000000000 0000000075934f80
0x0000000017b3c7b0:   0000000002205850 0000000075ab48dd
0x0000000017b3c7c0:   0000000017b3ca50 0000000000000011
0x0000000017b3c7d0:   0000000017b3c880 0000000075b99aeb
0x0000000017b3c7e0:   0000000017b3c840 0000000017b3c880
0x0000000017b3c7f0:   0000000017b3ca60 000000007593f4f3
0x0000000017b3c800:   00000000176d4e98 0000000016e0c800 

Instructions: (pc=0x00007ff8377669da)
0x00007ff8377669ba:   48 85 c0 74 3d 8b 40 58 41 89 85 ec 00 00 00 eb
0x00007ff8377669ca:   31 f6 03 04 74 0a 8b 43 58 41 89 85 ec 00 00 00
0x00007ff8377669da:   8b 01 a8 04 75 0f 83 c8 04 89 01 41 0f 10 06 0f
0x00007ff8377669ea:   11 41 58 09 3b 48 8b 43 10 48 85 c0 74 04 4c 8d 


Register to memory mapping:

RAX=0x0000000000000000 is an unknown value
RBX=0x0000000000607780 is an unknown value
RCX=0x0000000000000000 is an unknown value
RDX=0x00000000006059f8 is an unknown value
RSP=0x0000000017b3c710 is pointing into the stack for thread: 0x0000000016e0c800
RBP=0x0000000017b3c810 is pointing into the stack for thread: 0x0000000016e0c800
RSI=0x00000000006033e0 is an unknown value
RDI=0x0000000000000000 is an unknown value
R8 =0x0000000000000000 is an unknown value
R9 =0x0000000000607780 is an unknown value
R10=0x0000000000000001 is an unknown value
R11=0x0000000000000000 is an unknown value
R12=0x00000000006033f0 is an unknown value
R13=0x00000000006032f0 is an unknown value
R14=0x0000000017b3c870 is pointing into the stack for thread: 0x0000000016e0c800
R15=0x0000000000000000 is an unknown value


Stack: [0x0000000017a40000,0x0000000017b40000],  sp=0x0000000017b3c710,  free space=1009k
Native frames: (J=compiled Java code, j=interpreted, Vv=VM code, C=native code)
C  [OpenGL32.dll+0xa69da]
C  [OpenGL32.dll+0xd8b92]
C  [OpenGL32.dll+0xd8a05]
C  [OpenGL32.dll+0x27004]
C  [OpenGL32.dll+0x24f18]
C  [jogl_desktop.dll+0x59ace]

Java frames: (J=compiled Java code, j=interpreted, Vv=VM code)
j  jogamp.opengl.windows.wgl.WGL.dispatch_wglMakeCurrent0(JJJ)Z+0
j  jogamp.opengl.windows.wgl.WGL.wglMakeCurrent(JJ)Z+29
j  jogamp.opengl.windows.wgl.WindowsWGLContext.wglMakeContextCurrent(JJJ)Z+37
j  jogamp.opengl.windows.wgl.WindowsWGLContext.releaseImpl()V+4
j  jogamp.opengl.GLContextImpl.release(Z)V+310
j  jogamp.opengl.GLContextImpl.destroy()V+372
j  jogamp.opengl.GLDrawableHelper.disposeGL(Ljavax/media/opengl/GLAutoDrawable;Ljavax/media/opengl/GLContext;Z)V+131
j  javax.media.opengl.awt.GLCanvas$4.run()V+170
j  javax.media.opengl.Threading.invoke(ZLjava/lang/Runnable;Ljava/lang/Object;)V+33
j  javax.media.opengl.awt.GLCanvas.destroyImpl(Z)V+9
j  javax.media.opengl.awt.GLCanvas$1.run()V+5
j  com.jogamp.nativewindow.awt.AWTWindowClosingProtocol$WindowClosingAdapter.windowClosing(Ljava/awt/event/WindowEvent;)V+22
j  java.awt.Window.processWindowEvent(Ljava/awt/event/WindowEvent;)V+68
j  javax.swing.JFrame.processWindowEvent(Ljava/awt/event/WindowEvent;)V+2
j  java.awt.Window.processEvent(Ljava/awt/AWTEvent;)V+69
j  java.awt.Component.dispatchEventImpl(Ljava/awt/AWTEvent;)V+589
j  java.awt.Container.dispatchEventImpl(Ljava/awt/AWTEvent;)V+42
j  java.awt.Window.dispatchEventImpl(Ljava/awt/AWTEvent;)V+19
j  java.awt.Component.dispatchEvent(Ljava/awt/AWTEvent;)V+2
j  java.awt.EventQueue.dispatchEventImpl(Ljava/awt/AWTEvent;Ljava/lang/Object;)V+41
j  java.awt.EventQueue.access$500(Ljava/awt/EventQueue;Ljava/awt/AWTEvent;Ljava/lang/Object;)V+3
j  java.awt.EventQueue$3.run()Ljava/lang/Void;+32
j  java.awt.EventQueue$3.run()Ljava/lang/Object;+1
v  ~StubRoutines::call_stub
j  java.security.AccessController.doPrivileged(Ljava/security/PrivilegedAction;Ljava/security/AccessControlContext;)Ljava/lang/Object;+0
j  java.security.ProtectionDomain$JavaSecurityAccessImpl.doIntersectionPrivilege(Ljava/security/PrivilegedAction;Ljava/security/AccessControlContext;Ljava/security/AccessControlContext;)Ljava/lang/Object;+18
j  java.security.ProtectionDomain$JavaSecurityAccessImpl.doIntersectionPrivilege(Ljava/security/PrivilegedAction;Ljava/security/AccessControlContext;)Ljava/lang/Object;+6
j  java.awt.EventQueue$4.run()Ljava/lang/Void;+11
j  java.awt.EventQueue$4.run()Ljava/lang/Object;+1
v  ~StubRoutines::call_stub
j  java.security.AccessController.doPrivileged(Ljava/security/PrivilegedAction;Ljava/security/AccessControlContext;)Ljava/lang/Object;+0
j  java.security.ProtectionDomain$JavaSecurityAccessImpl.doIntersectionPrivilege(Ljava/security/PrivilegedAction;Ljava/security/AccessControlContext;Ljava/security/AccessControlContext;)Ljava/lang/Object;+18
j  java.awt.EventQueue.dispatchEvent(Ljava/awt/AWTEvent;)V+73
j  java.awt.EventDispatchThread.pumpOneEventForFilters(I)V+245
j  java.awt.EventDispatchThread.pumpEventsForFilter(ILjava/awt/Conditional;Ljava/awt/EventFilter;)V+35
j  java.awt.EventDispatchThread.pumpEventsForHierarchy(ILjava/awt/Conditional;Ljava/awt/Component;)V+11
j  java.awt.EventDispatchThread.pumpEvents(ILjava/awt/Conditional;)V+4
j  java.awt.EventDispatchThread.pumpEvents(Ljava/awt/Conditional;)V+3
j  java.awt.EventDispatchThread.run()V+9
v  ~StubRoutines::call_stub

---------------  P R O C E S S  ---------------

Java Threads: ( => current thread )
  0x00000000021c0800 JavaThread "DestroyJavaVM" [_thread_blocked, id=9516, stack(0x0000000000960000,0x0000000000a60000)]
  0x0000000016e29800 JavaThread "main-SharedResourceRunner" daemon [_thread_blocked, id=10436, stack(0x0000000017f50000,0x0000000018050000)]
=>0x0000000016e0c800 JavaThread "AWT-EventQueue-0" [_thread_in_native, id=9632, stack(0x0000000017a40000,0x0000000017b40000)]
  0x0000000016e01000 JavaThread "AWT-Windows" daemon [_thread_in_native, id=12268, stack(0x0000000017940000,0x0000000017a40000)]
  0x0000000016e00000 JavaThread "AWT-Shutdown" [_thread_blocked, id=13196, stack(0x0000000017840000,0x0000000017940000)]
  0x0000000016e4e800 JavaThread "Java2D Disposer" daemon [_thread_blocked, id=14956, stack(0x0000000017740000,0x0000000017840000)]
  0x000000001634b800 JavaThread "Service Thread" daemon [_thread_blocked, id=9820, stack(0x0000000016720000,0x0000000016820000)]
  0x00000000149f2000 JavaThread "C1 CompilerThread2" daemon [_thread_blocked, id=11856, stack(0x0000000016220000,0x0000000016320000)]
  0x00000000149ee800 JavaThread "C2 CompilerThread1" daemon [_thread_blocked, id=15328, stack(0x0000000016120000,0x0000000016220000)]
  0x00000000149ec800 JavaThread "C2 CompilerThread0" daemon [_thread_blocked, id=11360, stack(0x0000000016020000,0x0000000016120000)]
  0x00000000149eb000 JavaThread "Attach Listener" daemon [_thread_blocked, id=12388, stack(0x0000000015f20000,0x0000000016020000)]
  0x00000000149e9800 JavaThread "Signal Dispatcher" daemon [_thread_blocked, id=6828, stack(0x0000000015e20000,0x0000000015f20000)]
  0x00000000022b6000 JavaThread "Finalizer" daemon [_thread_blocked, id=6468, stack(0x0000000015c40000,0x0000000015d40000)]
  0x00000000149b9000 JavaThread "Reference Handler" daemon [_thread_blocked, id=13212, stack(0x0000000015b40000,0x0000000015c40000)]

Other Threads:
  0x00000000149b7000 VMThread [stack: 0x0000000015a40000,0x0000000015b40000] [id=6944]
  0x000000001635a800 WatcherThread [stack: 0x0000000016820000,0x0000000016920000] [id=13544]

VM state:not at safepoint (normal execution)

VM Mutex/Monitor currently owned by a thread: None

Heap:
 PSYoungGen      total 18944K, used 12677K [0x00000000eaf80000, 0x00000000ed480000, 0x0000000100000000)
  eden space 16384K, 67% used [0x00000000eaf80000,0x00000000eba517c0,0x00000000ebf80000)
  from space 2560K, 62% used [0x00000000ec200000,0x00000000ec390000,0x00000000ec480000)
  to   space 2560K, 0% used [0x00000000ebf80000,0x00000000ebf80000,0x00000000ec200000)
 ParOldGen       total 44032K, used 299K [0x00000000c0e00000, 0x00000000c3900000, 0x00000000eaf80000)
  object space 44032K, 0% used [0x00000000c0e00000,0x00000000c0e4ae20,0x00000000c3900000)
 Metaspace       used 13657K, capacity 13780K, committed 14080K, reserved 1062912K
  class space    used 1444K, capacity 1504K, committed 1536K, reserved 1048576K

Card table byte_map: [0x0000000011760000,0x0000000011960000] byte_map_base: 0x0000000011159000

Marking Bits: (ParMarkBitMap*) 0x000000007608a5b0
 Begin Bits: [0x0000000011ec0000, 0x0000000012e88000)
 End Bits:   [0x0000000012e88000, 0x0000000013e50000)

Polling page: 0x00000000001f0000

CodeCache: size=245760Kb used=2655Kb max_used=2655Kb free=243104Kb
 bounds [0x00000000023a0000, 0x0000000002640000, 0x00000000113a0000]
 total_blobs=1374 nmethods=678 adapters=609
 compilation: enabled

Compilation events (10 events):
Event: 2.532 Thread 0x00000000149f2000  674       3       java.util.concurrent.locks.ReentrantLock$Sync::tryRelease (45 bytes)
Event: 2.532 Thread 0x00000000149f2000 nmethod 674 0x0000000002632010 code [0x00000000026321a0, 0x0000000002632748]
Event: 2.533 Thread 0x00000000149f2000  675       3       java.util.IdentityHashMap::isEmpty (13 bytes)
Event: 2.533 Thread 0x00000000149f2000 nmethod 675 0x0000000002631c90 code [0x0000000002631de0, 0x0000000002631f90]
Event: 2.562 Thread 0x00000000149f2000  676       3       java.security.AccessControlContext::optimize (318 bytes)
Event: 2.568 Thread 0x00000000149f2000 nmethod 676 0x00000000026351d0 code [0x0000000002635520, 0x0000000002637078]
Event: 2.568 Thread 0x00000000149f2000  677       3       java.util.concurrent.locks.ReentrantLock::lock (8 bytes)
Event: 2.569 Thread 0x00000000149f2000 nmethod 677 0x0000000002637f10 code [0x0000000002638080, 0x00000000026382a8]
Event: 2.569 Thread 0x00000000149f2000  678       3       java.util.concurrent.locks.ReentrantLock$NonfairSync::lock (25 bytes)
Event: 2.570 Thread 0x00000000149f2000 nmethod 678 0x0000000002638350 code [0x0000000002638520, 0x0000000002638d78]

GC Heap History (4 events):
Event: 1.068 GC heap before
{Heap before GC invocations=1 (full 0):
 PSYoungGen      total 18944K, used 16384K [0x00000000eaf80000, 0x00000000ec480000, 0x0000000100000000)
  eden space 16384K, 100% used [0x00000000eaf80000,0x00000000ebf80000,0x00000000ebf80000)
  from space 2560K, 0% used [0x00000000ec200000,0x00000000ec200000,0x00000000ec480000)
  to   space 2560K, 0% used [0x00000000ebf80000,0x00000000ebf80000,0x00000000ec200000)
 ParOldGen       total 44032K, used 0K [0x00000000c0e00000, 0x00000000c3900000, 0x00000000eaf80000)
  object space 44032K, 0% used [0x00000000c0e00000,0x00000000c0e00000,0x00000000c3900000)
 Metaspace       used 10859K, capacity 11028K, committed 11136K, reserved 1058816K
  class space    used 1085K, capacity 1141K, committed 1152K, reserved 1048576K
Event: 1.074 GC heap after
Heap after GC invocations=1 (full 0):
 PSYoungGen      total 18944K, used 2535K [0x00000000eaf80000, 0x00000000ec480000, 0x0000000100000000)
  eden space 16384K, 0% used [0x00000000eaf80000,0x00000000eaf80000,0x00000000ebf80000)
  from space 2560K, 99% used [0x00000000ebf80000,0x00000000ec1f9f48,0x00000000ec200000)
  to   space 2560K, 0% used [0x00000000ec200000,0x00000000ec200000,0x00000000ec480000)
 ParOldGen       total 44032K, used 299K [0x00000000c0e00000, 0x00000000c3900000, 0x00000000eaf80000)
  object space 44032K, 0% used [0x00000000c0e00000,0x00000000c0e4ae20,0x00000000c3900000)
 Metaspace       used 10859K, capacity 11028K, committed 11136K, reserved 1058816K
  class space    used 1085K, capacity 1141K, committed 1152K, reserved 1048576K
}
Event: 1.216 GC heap before
{Heap before GC invocations=2 (full 0):
 PSYoungGen      total 18944K, used 18919K [0x00000000eaf80000, 0x00000000ec480000, 0x0000000100000000)
  eden space 16384K, 100% used [0x00000000eaf80000,0x00000000ebf80000,0x00000000ebf80000)
  from space 2560K, 99% used [0x00000000ebf80000,0x00000000ec1f9f48,0x00000000ec200000)
  to   space 2560K, 0% used [0x00000000ec200000,0x00000000ec200000,0x00000000ec480000)
 ParOldGen       total 44032K, used 299K [0x00000000c0e00000, 0x00000000c3900000, 0x00000000eaf80000)
  object space 44032K, 0% used [0x00000000c0e00000,0x00000000c0e4ae20,0x00000000c3900000)
 Metaspace       used 10889K, capacity 11028K, committed 11136K, reserved 1058816K
  class space    used 1085K, capacity 1141K, committed 1152K, reserved 1048576K
Event: 1.221 GC heap after
Heap after GC invocations=2 (full 0):
 PSYoungGen      total 18944K, used 1600K [0x00000000eaf80000, 0x00000000ed480000, 0x0000000100000000)
  eden space 16384K, 0% used [0x00000000eaf80000,0x00000000eaf80000,0x00000000ebf80000)
  from space 2560K, 62% used [0x00000000ec200000,0x00000000ec390000,0x00000000ec480000)
  to   space 2560K, 0% used [0x00000000ebf80000,0x00000000ebf80000,0x00000000ec200000)
 ParOldGen       total 44032K, used 299K [0x00000000c0e00000, 0x00000000c3900000, 0x00000000eaf80000)
  object space 44032K, 0% used [0x00000000c0e00000,0x00000000c0e4ae20,0x00000000c3900000)
 Metaspace       used 10889K, capacity 11028K, committed 11136K, reserved 1058816K
  class space    used 1085K, capacity 1141K, committed 1152K, reserved 1048576K
}

Deoptimization events (4 events):
Event: 0.997 Thread 0x0000000016e0c800 Uncommon trap: reason=unstable_if action=reinterpret pc=0x000000000256d9e8 method=java.lang.String.startsWith(Ljava/lang/String;I)Z @ 25
Event: 1.285 Thread 0x00000000021c0800 Uncommon trap: reason=unstable_if action=reinterpret pc=0x00000000025fd370 method=java.util.HashMap.containsKey(Ljava/lang/Object;)Z @ 9
Event: 1.319 Thread 0x00000000021c0800 Uncommon trap: reason=unstable_if action=reinterpret pc=0x00000000025b9764 method=java.lang.AbstractStringBuilder.append(Ljava/lang/String;)Ljava/lang/AbstractStringBuilder; @ 1
Event: 1.319 Thread 0x00000000021c0800 Uncommon trap: reason=unstable_if action=reinterpret pc=0x00000000025b8714 method=java.lang.AbstractStringBuilder.append(Ljava/lang/String;)Ljava/lang/AbstractStringBuilder; @ 1

Internal exceptions (10 events):
Event: 0.645 Thread 0x00000000021c0800 Exception <a 'java/lang/NoSuchFieldError': method resolution failed> (0x00000000eb427230) thrown at [C:\re\workspace\8-2-build-windows-amd64-cygwin\jdk8u66\5298\hotspot\src\share\vm\prims\methodHandles.cpp, line 1146]
Event: 0.648 Thread 0x00000000021c0800 Exception <a 'java/lang/NoSuchFieldError': method resolution failed> (0x00000000eb4349a0) thrown at [C:\re\workspace\8-2-build-windows-amd64-cygwin\jdk8u66\5298\hotspot\src\share\vm\prims\methodHandles.cpp, line 1146]
Event: 0.869 Thread 0x00000000021c0800 Exception <a 'java/io/FileNotFoundException'> (0x00000000eb889588) thrown at [C:\re\workspace\8-2-build-windows-amd64-cygwin\jdk8u66\5298\hotspot\src\share\vm\prims\jni.cpp, line 709]
Event: 0.919 Thread 0x00000000021c0800 Exception <a 'java/io/FileNotFoundException'> (0x00000000eb927010) thrown at [C:\re\workspace\8-2-build-windows-amd64-cygwin\jdk8u66\5298\hotspot\src\share\vm\prims\jni.cpp, line 709]
Event: 1.285 Thread 0x00000000021c0800 Exception <a 'java/lang/InterruptedException'> (0x00000000eb701310) thrown at [C:\re\workspace\8-2-build-windows-amd64-cygwin\jdk8u66\5298\hotspot\src\share\vm\runtime\objectMonitor.cpp, line 1683]
Event: 1.319 Thread 0x00000000021c0800 Implicit null exception at 0x00000000025b9416 to 0x00000000025b974d
Event: 1.319 Thread 0x00000000021c0800 Implicit null exception at 0x00000000025b83d6 to 0x00000000025b86fd
Event: 1.363 Thread 0x00000000021c0800 Exception <a 'java/lang/reflect/InvocationTargetException'> (0x00000000eb89aaa0) thrown at [C:\re\workspace\8-2-build-windows-amd64-cygwin\jdk8u66\5298\hotspot\src\share\vm\runtime\reflection.cpp, line 1092]
Event: 1.403 Thread 0x0000000016e0c800 Exception <a 'java/lang/NumberFormatException'> (0x00000000eba3b1e8) thrown at [C:\re\workspace\8-2-build-windows-amd64-cygwin\jdk8u66\5298\hotspot\src\share\vm\prims\jvm.cpp, line 1390]
Event: 1.403 Thread 0x0000000016e0c800 Exception <a 'java/lang/NumberFormatException'> (0x00000000eba3b1e8) thrown at [C:\re\workspace\8-2-build-windows-amd64-cygwin\jdk8u66\5298\hotspot\src\share\vm\prims\jvm.cpp, line 1390]

Events (10 events):
Event: 1.399 loading class jogamp/opengl/awt/AWTThreadingPlugin
Event: 1.399 loading class jogamp/opengl/awt/AWTThreadingPlugin done
Event: 1.399 loading class jogamp/opengl/ToolkitThreadingPlugin
Event: 1.399 loading class jogamp/opengl/ToolkitThreadingPlugin done
Event: 1.400 loading class jogamp/opengl/awt/AWTThreadingPlugin$1
Event: 1.400 loading class jogamp/opengl/awt/AWTThreadingPlugin$1 done
Event: 1.404 loading class java/lang/Throwable$WrappedPrintStream
Event: 1.404 loading class java/lang/Throwable$PrintStreamOrWriter
Event: 1.404 loading class java/lang/Throwable$PrintStreamOrWriter done
Event: 1.404 loading class java/lang/Throwable$WrappedPrintStream done


Dynamic libraries:
0x00007ff618980000 - 0x00007ff6189b7000 	C:\Program Files\Java\jdk1.8.0_66\bin\java.exe
0x00007ff852af0000 - 0x00007ff852cb1000 	C:\WINDOWS\SYSTEM32\ntdll.dll
0x00007ff84fef0000 - 0x00007ff84ff9d000 	C:\WINDOWS\system32\KERNEL32.DLL
0x00007ff84fc70000 - 0x00007ff84fe58000 	C:\WINDOWS\system32\KERNELBASE.dll
0x00007ff8502d0000 - 0x00007ff850377000 	C:\WINDOWS\system32\ADVAPI32.dll
0x00007ff851300000 - 0x00007ff85139d000 	C:\WINDOWS\system32\msvcrt.dll
0x00007ff84fff0000 - 0x00007ff85004b000 	C:\WINDOWS\system32\sechost.dll
0x00007ff850890000 - 0x00007ff8509ac000 	C:\WINDOWS\system32\RPCRT4.dll
0x00007ff850510000 - 0x00007ff850666000 	C:\WINDOWS\system32\USER32.dll
0x00007ff852900000 - 0x00007ff852a86000 	C:\WINDOWS\system32\GDI32.dll
0x00007ff843240000 - 0x00007ff8434b4000 	C:\WINDOWS\WinSxS\amd64_microsoft.windows.common-controls_6595b64144ccf1df_6.0.10586.0_none_8c15ae12515e1c22\COMCTL32.dll
0x00007ff850050000 - 0x00007ff8502cd000 	C:\WINDOWS\system32\combase.dll
0x00007ff84fa30000 - 0x00007ff84fa9a000 	C:\WINDOWS\system32\bcryptPrimitives.dll
0x00007ff84ffa0000 - 0x00007ff84ffdb000 	C:\WINDOWS\system32\IMM32.DLL
0x00000000757a0000 - 0x0000000075872000 	C:\Program Files\Java\jdk1.8.0_66\jre\bin\msvcr100.dll
0x0000000075880000 - 0x0000000076109000 	C:\Program Files\Java\jdk1.8.0_66\jre\bin\server\jvm.dll
0x00007ff850720000 - 0x00007ff850728000 	C:\WINDOWS\system32\PSAPI.DLL
0x00007ff8446e0000 - 0x00007ff8446ea000 	C:\WINDOWS\SYSTEM32\VERSION.dll
0x00007ff84d1a0000 - 0x00007ff84d1c3000 	C:\WINDOWS\SYSTEM32\WINMM.dll
0x00007ff84d590000 - 0x00007ff84d599000 	C:\WINDOWS\SYSTEM32\WSOCK32.dll
0x00007ff850490000 - 0x00007ff8504fb000 	C:\WINDOWS\system32\WS2_32.dll
0x00007ff84d170000 - 0x00007ff84d19c000 	C:\WINDOWS\SYSTEM32\WINMMBASE.dll
0x00007ff84f250000 - 0x00007ff84f293000 	C:\WINDOWS\system32\cfgmgr32.dll
0x0000000075750000 - 0x000000007575f000 	C:\Program Files\Java\jdk1.8.0_66\jre\bin\verify.dll
0x0000000075720000 - 0x0000000075749000 	C:\Program Files\Java\jdk1.8.0_66\jre\bin\java.dll
0x0000000075700000 - 0x0000000075716000 	C:\Program Files\Java\jdk1.8.0_66\jre\bin\zip.dll
0x00007ff8513a0000 - 0x00007ff8528fc000 	C:\WINDOWS\system32\SHELL32.dll
0x00007ff84f2a0000 - 0x00007ff84f8e5000 	C:\WINDOWS\system32\windows.storage.dll
0x00007ff852a90000 - 0x00007ff852ae2000 	C:\WINDOWS\system32\shlwapi.dll
0x00007ff84f130000 - 0x00007ff84f13f000 	C:\WINDOWS\system32\kernel.appcore.dll
0x00007ff84f970000 - 0x00007ff84fa25000 	C:\WINDOWS\system32\shcore.dll
0x00007ff84f140000 - 0x00007ff84f18b000 	C:\WINDOWS\system32\powrprof.dll
0x00007ff84f110000 - 0x00007ff84f124000 	C:\WINDOWS\system32\profapi.dll
0x00007ff84ea90000 - 0x00007ff84eaa7000 	C:\WINDOWS\SYSTEM32\CRYPTSP.dll
0x00007ff84e720000 - 0x00007ff84e754000 	C:\WINDOWS\system32\rsaenh.dll
0x00007ff84f040000 - 0x00007ff84f069000 	C:\WINDOWS\SYSTEM32\bcrypt.dll
0x00007ff84e870000 - 0x00007ff84e88f000 	C:\WINDOWS\SYSTEM32\USERENV.dll
0x00007ff84ebb0000 - 0x00007ff84ebbb000 	C:\WINDOWS\SYSTEM32\CRYPTBASE.dll
0x00000000756e0000 - 0x00000000756fa000 	C:\Program Files\Java\jdk1.8.0_66\jre\bin\net.dll
0x00007ff84e9e0000 - 0x00007ff84ea3c000 	C:\WINDOWS\system32\mswsock.dll
0x00007ff847600000 - 0x00007ff847638000 	C:\WINDOWS\SYSTEM32\IPHLPAPI.DLL
0x00007ff850500000 - 0x00007ff850508000 	C:\WINDOWS\system32\NSI.dll
0x00007ff847010000 - 0x00007ff847026000 	C:\WINDOWS\SYSTEM32\dhcpcsvc6.DLL
0x00007ff846f60000 - 0x00007ff846f7a000 	C:\WINDOWS\SYSTEM32\dhcpcsvc.DLL
0x00000000756c0000 - 0x00000000756d1000 	C:\Program Files\Java\jdk1.8.0_66\jre\bin\nio.dll
0x00000000637c0000 - 0x00000000637ca000 	C:\Users\arsha\AppData\Local\Temp\jogamp_0000\file_cache\jln4597625463599636666\jln6384903601003379158\gluegen-rt.dll
0x0000000075520000 - 0x00000000756b8000 	C:\Program Files\Java\jdk1.8.0_66\jre\bin\awt.dll
0x00007ff850bc0000 - 0x00007ff850c81000 	C:\WINDOWS\system32\OLEAUT32.dll
0x00007ff84d940000 - 0x00007ff84d9b9000 	C:\WINDOWS\system32\apphelp.dll
0x00007ff84db70000 - 0x00007ff84dc06000 	C:\WINDOWS\system32\uxtheme.dll
0x00007ff850730000 - 0x00007ff85088a000 	C:\WINDOWS\system32\MSCTF.dll
0x00007ff84cd50000 - 0x00007ff84cd72000 	C:\WINDOWS\system32\dwmapi.dll
0x00007ff8511b0000 - 0x00007ff8512f3000 	C:\WINDOWS\system32\ole32.dll
0x0000000075430000 - 0x0000000075437000 	C:\Program Files\Java\jdk1.8.0_66\jre\bin\jawt.dll
0x000000006a440000 - 0x000000006a44b000 	C:\Users\arsha\AppData\Local\Temp\jogamp_0000\file_cache\jln4597625463599636666\jln6384903601003379158\nativewindow_awt.dll
0x000000006c100000 - 0x000000006c10b000 	C:\Users\arsha\AppData\Local\Temp\jogamp_0000\file_cache\jln4597625463599636666\jln6384903601003379158\nativewindow_win32.dll
0x00007ff8376c0000 - 0x00007ff8377e9000 	C:\WINDOWS\SYSTEM32\OpenGL32.dll
0x00007ff83bdc0000 - 0x00007ff83bdee000 	C:\WINDOWS\SYSTEM32\GLU32.dll
0x00007ff83b040000 - 0x00007ff83b13a000 	C:\WINDOWS\SYSTEM32\DDRAW.dll
0x00007ff84d570000 - 0x00007ff84d578000 	C:\WINDOWS\SYSTEM32\DCIMAN32.dll
0x0000000064500000 - 0x000000006458b000 	C:\Users\arsha\AppData\Local\Temp\jogamp_0000\file_cache\jln4597625463599636666\jln6384903601003379158\jogl_desktop.dll
0x00000000754d0000 - 0x0000000075517000 	C:\Program Files\Java\jdk1.8.0_66\jre\bin\fontmanager.dll
0x00007ff84c590000 - 0x00007ff84c71c000 	C:\WINDOWS\SYSTEM32\dbghelp.dll

VM Arguments:
jvm_args: -Dfile.encoding=UTF-8 
java_command: Lab04
java_class_path (initial): C:\Users\arsha\Desktop\CSE 423\jogamp-all-platforms\jar\gluegen-rt-natives-windows-amd64.jar;C:\Users\arsha\Desktop\CSE 423\jogamp-all-platforms\jar\gluegen-rt.jar;C:\Users\arsha\Desktop\CSE 423\jogamp-all-platforms\jar\jogl-all-natives-windows-amd64.jar;C:\Users\arsha\Desktop\CSE 423\jogamp-all-platforms\jar\jogl-all.jar;C:\Users\arsha\Documents\NetBeansProjects\Lab04\build\classes
Launcher Type: SUN_STANDARD

Environment Variables:
PATH=C:\ProgramData\Oracle\Java\javapath;C:\WINDOWS\system32;C:\WINDOWS;C:\WINDOWS\System32\Wbem;C:\WINDOWS\System32\WindowsPowerShell\v1.0\;C:\Program Files\Git\cmd;C:\Program Files (x86)\Skype\Phone\;C:\Users\arsha\AppData\Local\atom\bin
USERNAME=arsha
OS=Windows_NT
PROCESSOR_IDENTIFIER=Intel64 Family 6 Model 42 Stepping 7, GenuineIntel



---------------  S Y S T E M  ---------------

OS: Windows 10.0 , 64 bit Build 10586 (10.0.10586.0)

CPU:total 4 (2 cores per cpu, 2 threads per core) family 6 model 42 stepping 7, cmov, cx8, fxsr, mmx, sse, sse2, sse3, ssse3, sse4.1, sse4.2, popcnt, avx, aes, clmul, ht, tsc, tscinvbit

Memory: 4k page, physical 4136812k(974784k free), swap 4857708k(1417420k free)

vm_info: Java HotSpot(TM) 64-Bit Server VM (25.66-b18) for windows-amd64 JRE (1.8.0_66-b18), built on Nov  9 2015 10:51:13 by "java_re" with MS VC++ 10.0 (VS2010)

time: Fri Feb 12 13:32:59 2016
elapsed time: 2 seconds (0d 0h 0m 2s)

