#
# A fatal error has been detected by the Java Runtime Environment:
#
#  EXCEPTION_ACCESS_VIOLATION (0xc0000005) at pc=0x00007ffa44ee69da, pid=9260, tid=8524
#
# JRE version: Java(TM) SE Runtime Environment (8.0_74-b02) (build 1.8.0_74-b02)
# Java VM: Java HotSpot(TM) 64-Bit Server VM (25.74-b02 mixed mode windows-amd64 compressed oops)
# Problematic frame:
# C  [OpenGL32.dll+0xa69da]
#
# Failed to write core dump. Minidumps are not enabled by default on client versions of Windows
#
# If you would like to submit a bug report, please visit:
#   http://bugreport.java.com/bugreport/crash.jsp
# The crash happened outside the Java Virtual Machine in native code.
# See problematic frame for where to report the bug.
#

---------------  T H R E A D  ---------------

Current thread (0x0000000016d88000):  JavaThread "AWT-EventQueue-0" [_thread_in_native, id=8524, stack(0x00000000178f0000,0x00000000179f0000)]

siginfo: ExceptionCode=0xc0000005, reading address 0x0000000000000000

Registers:
RAX=0x00000000006347c8, RBX=0x0000000000634890, RCX=0x0000000000000000, RDX=0x0000000000000000
RSP=0x00000000179ec370, RBP=0x00000000179ec470, RSI=0x000000000062f1c0, RDI=0x0000000000000000
R8 =0x0000000000000020, R9 =0x0000000000633440, R10=0x0000000000000001, R11=0x0000000000000000
R12=0x000000000062f1d0, R13=0x000000000062f0d0, R14=0x00000000179ec4d0, R15=0x0000000000633440
RIP=0x00007ffa44ee69da, EFLAGS=0x0000000000010246

Top of Stack: (sp=0x00000000179ec370)
0x00000000179ec370:   00000000179ec470 0000000000000000
0x00000000179ec380:   0000000000000000 00000000179ec3e0
0x00000000179ec390:   0000000016361820 0000000016d63c00
0x00000000179ec3a0:   0000000114311248 0000000800000020
0x00000000179ec3b0:   0000000000633440 0000000067ce150b
0x00000000179ec3c0:   0000000000000000 0000000000000000
0x00000000179ec3d0:   0000000000000000 000000000059bf90
0x00000000179ec3e0:   0000000000000000 0000000016d88000
0x00000000179ec3f0:   00000000179ec4b0 000000000062f0d0
0x00000000179ec400:   0000000100117cb8 0000000000000000
0x00000000179ec410:   0000000000000000 0000000067b95160
0x00000000179ec420:   0000000000000000 0000000000000000
0x00000000179ec430:   0000000000000000 0000000000000011
0x00000000179ec440:   00000000179ec4f0 0000000067df9b3b
0x00000000179ec450:   00000000179ec4b0 00000000179ec4f0
0x00000000179ec460:   00000000179ec6d0 0000000067b9f6d3 

Instructions: (pc=0x00007ffa44ee69da)
0x00007ffa44ee69ba:   48 85 c0 74 3d 8b 40 58 41 89 85 ec 00 00 00 eb
0x00007ffa44ee69ca:   31 f6 03 04 74 0a 8b 43 58 41 89 85 ec 00 00 00
0x00007ffa44ee69da:   8b 01 a8 04 75 0f 83 c8 04 89 01 41 0f 10 06 0f
0x00007ffa44ee69ea:   11 41 58 09 3b 48 8b 43 10 48 85 c0 74 04 4c 8d 


Register to memory mapping:

RAX=0x00000000006347c8 is an unknown value
RBX=0x0000000000634890 is an unknown value
RCX=0x0000000000000000 is an unknown value
RDX=0x0000000000000000 is an unknown value
RSP=0x00000000179ec370 is pointing into the stack for thread: 0x0000000016d88000
RBP=0x00000000179ec470 is pointing into the stack for thread: 0x0000000016d88000
RSI=0x000000000062f1c0 is an unknown value
RDI=0x0000000000000000 is an unknown value
R8 =0x0000000000000020 is an unknown value
R9 =0x0000000000633440 is an unknown value
R10=0x0000000000000001 is an unknown value
R11=0x0000000000000000 is an unknown value
R12=0x000000000062f1d0 is an unknown value
R13=0x000000000062f0d0 is an unknown value
R14=0x00000000179ec4d0 is pointing into the stack for thread: 0x0000000016d88000
R15=0x0000000000633440 is an unknown value


Stack: [0x00000000178f0000,0x00000000179f0000],  sp=0x00000000179ec370,  free space=1008k
Native frames: (J=compiled Java code, j=interpreted, Vv=VM code, C=native code)
C  [OpenGL32.dll+0xa69da]
C  [OpenGL32.dll+0xd8b92]
C  [OpenGL32.dll+0xd8a05]
C  [OpenGL32.dll+0x27004]
C  [OpenGL32.dll+0x24f18]
C  [jogl_desktop.dll+0x57c3e]

Java frames: (J=compiled Java code, j=interpreted, Vv=VM code)
J 733  jogamp.opengl.windows.wgl.WGL.dispatch_wglMakeCurrent1(JJJ)Z (0 bytes) @ 0x0000000002507b89 [0x0000000002507b40+0x49]
J 780 C1 jogamp.opengl.windows.wgl.WindowsWGLContext.wglMakeContextCurrent(JJJ)Z (182 bytes) @ 0x000000000251faec [0x000000000251f7c0+0x32c]
J 910 C1 jogamp.opengl.windows.wgl.WindowsWGLContext.releaseImpl()V (40 bytes) @ 0x0000000002580014 [0x000000000257ff80+0x94]
J 955 C1 jogamp.opengl.GLContextImpl.release(Z)V (399 bytes) @ 0x0000000002593adc [0x0000000002592940+0x119c]
j  jogamp.opengl.GLContextImpl.destroy()V+229
J 944 C1 jogamp.opengl.GLDrawableHelper.invokeGLImpl(Ljavax/media/opengl/GLDrawable;Ljavax/media/opengl/GLContext;Ljava/lang/Runnable;Ljava/lang/Runnable;Ljavax/media/opengl/GLAutoDrawable;)V (414 bytes) @ 0x000000000259a3dc [0x0000000002598840+0x1b9c]
j  jogamp.opengl.GLDrawableHelper.disposeGL(Ljavax/media/opengl/GLAutoDrawable;Ljavax/media/opengl/GLDrawable;Ljavax/media/opengl/GLContext;Ljava/lang/Runnable;)V+24
j  javax.media.opengl.awt.GLCanvas.dispose(Z)V+217
j  javax.media.opengl.awt.GLCanvas.removeNotify()V+74
j  javax.media.opengl.awt.GLCanvas.destroy()V+1
j  javax.media.opengl.awt.GLCanvas$1.run()V+4
j  javax.media.nativewindow.awt.AWTWindowClosingProtocol$WindowClosingAdapter.windowClosing(Ljava/awt/event/WindowEvent;)V+20
j  java.awt.Window.processWindowEvent(Ljava/awt/event/WindowEvent;)V+68
j  javax.swing.JFrame.processWindowEvent(Ljava/awt/event/WindowEvent;)V+2
j  java.awt.Window.processEvent(Ljava/awt/AWTEvent;)V+69
j  java.awt.Component.dispatchEventImpl(Ljava/awt/AWTEvent;)V+589
j  java.awt.Container.dispatchEventImpl(Ljava/awt/AWTEvent;)V+42
j  java.awt.Window.dispatchEventImpl(Ljava/awt/AWTEvent;)V+19
J 862 C1 java.awt.EventQueue.dispatchEventImpl(Ljava/awt/AWTEvent;Ljava/lang/Object;)V (149 bytes) @ 0x000000000255b67c [0x0000000002559e40+0x183c]
J 860 C1 java.awt.EventQueue$3.run()Ljava/lang/Void; (60 bytes) @ 0x000000000255924c [0x0000000002559040+0x20c]
J 859 C1 java.awt.EventQueue$3.run()Ljava/lang/Object; (5 bytes) @ 0x0000000002558ccc [0x0000000002558c40+0x8c]
v  ~StubRoutines::call_stub
J 785  java.security.AccessController.doPrivileged(Ljava/security/PrivilegedAction;Ljava/security/AccessControlContext;)Ljava/lang/Object; (0 bytes) @ 0x0000000002523126 [0x00000000025230c0+0x66]
J 788 C1 java.security.ProtectionDomain$JavaSecurityAccessImpl.doIntersectionPrivilege(Ljava/security/PrivilegedAction;Ljava/security/AccessControlContext;Ljava/security/AccessControlContext;)Ljava/lang/Object; (22 bytes) @ 0x000000000252402c [0x0000000002523bc0+0x46c]
j  java.security.ProtectionDomain$JavaSecurityAccessImpl.doIntersectionPrivilege(Ljava/security/PrivilegedAction;Ljava/security/AccessControlContext;)Ljava/lang/Object;+6
j  java.awt.EventQueue$4.run()Ljava/lang/Void;+11
j  java.awt.EventQueue$4.run()Ljava/lang/Object;+1
v  ~StubRoutines::call_stub
J 785  java.security.AccessController.doPrivileged(Ljava/security/PrivilegedAction;Ljava/security/AccessControlContext;)Ljava/lang/Object; (0 bytes) @ 0x0000000002523126 [0x00000000025230c0+0x66]
J 798 C1 java.awt.EventQueue.dispatchEvent(Ljava/awt/AWTEvent;)V (80 bytes) @ 0x000000000252c0bc [0x000000000252b240+0xe7c]
J 802 C1 java.awt.EventDispatchThread.pumpOneEventForFilters(I)V (295 bytes) @ 0x000000000252eee4 [0x000000000252d380+0x1b64]
j  java.awt.EventDispatchThread.pumpEventsForFilter(ILjava/awt/Conditional;Ljava/awt/EventFilter;)V+35
j  java.awt.EventDispatchThread.pumpEventsForHierarchy(ILjava/awt/Conditional;Ljava/awt/Component;)V+11
j  java.awt.EventDispatchThread.pumpEvents(ILjava/awt/Conditional;)V+4
j  java.awt.EventDispatchThread.pumpEvents(Ljava/awt/Conditional;)V+3
j  java.awt.EventDispatchThread.run()V+9
v  ~StubRoutines::call_stub

---------------  P R O C E S S  ---------------

Java Threads: ( => current thread )
  0x0000000002160800 JavaThread "DestroyJavaVM" [_thread_blocked, id=8380, stack(0x0000000001fa0000,0x00000000020a0000)]
  0x00000000171b6800 JavaThread "Timer-0" [_thread_blocked, id=6208, stack(0x0000000018400000,0x0000000018500000)]
  0x0000000016f0c800 JavaThread "main-SharedResourceRunner" daemon [_thread_blocked, id=13608, stack(0x0000000018000000,0x0000000018100000)]
=>0x0000000016d88000 JavaThread "AWT-EventQueue-0" [_thread_in_native, id=8524, stack(0x00000000178f0000,0x00000000179f0000)]
  0x0000000016d66800 JavaThread "AWT-Windows" daemon [_thread_in_native, id=6068, stack(0x0000000017700000,0x0000000017800000)]
  0x0000000016d62000 JavaThread "AWT-Shutdown" [_thread_blocked, id=4408, stack(0x0000000017600000,0x0000000017700000)]
  0x0000000016d61000 JavaThread "Java2D Disposer" daemon [_thread_blocked, id=6836, stack(0x0000000017500000,0x0000000017600000)]
  0x000000001621d000 JavaThread "Service Thread" daemon [_thread_blocked, id=8708, stack(0x00000000165e0000,0x00000000166e0000)]
  0x00000000148be800 JavaThread "C1 CompilerThread2" daemon [_thread_blocked, id=6428, stack(0x00000000160e0000,0x00000000161e0000)]
  0x00000000148af000 JavaThread "C2 CompilerThread1" daemon [_thread_blocked, id=13464, stack(0x0000000015fe0000,0x00000000160e0000)]
  0x00000000148ad000 JavaThread "C2 CompilerThread0" daemon [_thread_blocked, id=9380, stack(0x0000000015ee0000,0x0000000015fe0000)]
  0x00000000148ab800 JavaThread "Attach Listener" daemon [_thread_blocked, id=12496, stack(0x0000000015de0000,0x0000000015ee0000)]
  0x00000000148aa000 JavaThread "Signal Dispatcher" daemon [_thread_blocked, id=4484, stack(0x0000000015ce0000,0x0000000015de0000)]
  0x000000001489a800 JavaThread "Finalizer" daemon [_thread_blocked, id=2492, stack(0x0000000015b00000,0x0000000015c00000)]
  0x0000000014879000 JavaThread "Reference Handler" daemon [_thread_blocked, id=12048, stack(0x0000000015a00000,0x0000000015b00000)]

Other Threads:
  0x0000000014877800 VMThread [stack: 0x0000000015900000,0x0000000015a00000] [id=11236]
  0x0000000016220800 WatcherThread [stack: 0x00000000166e0000,0x00000000167e0000] [id=9136]

VM state:not at safepoint (normal execution)

VM Mutex/Monitor currently owned by a thread: None

Heap:
 PSYoungGen      total 18944K, used 11013K [0x00000000eaf80000, 0x00000000ed480000, 0x0000000100000000)
  eden space 16384K, 57% used [0x00000000eaf80000,0x00000000eb8b15a8,0x00000000ebf80000)
  from space 2560K, 62% used [0x00000000ec200000,0x00000000ec390020,0x00000000ec480000)
  to   space 2560K, 0% used [0x00000000ebf80000,0x00000000ebf80000,0x00000000ec200000)
 ParOldGen       total 44032K, used 218K [0x00000000c0e00000, 0x00000000c3900000, 0x00000000eaf80000)
  object space 44032K, 0% used [0x00000000c0e00000,0x00000000c0e36a00,0x00000000c3900000)
 Metaspace       used 13719K, capacity 13944K, committed 14080K, reserved 1062912K
  class space    used 1439K, capacity 1535K, committed 1536K, reserved 1048576K

Card table byte_map: [0x0000000011620000,0x0000000011820000] byte_map_base: 0x0000000011019000

Marking Bits: (ParMarkBitMap*) 0x00000000682f0600
 Begin Bits: [0x0000000011d80000, 0x0000000012d48000)
 End Bits:   [0x0000000012d48000, 0x0000000013d10000)

Polling page: 0x00000000004e0000

CodeCache: size=245760Kb used=3379Kb max_used=3390Kb free=242380Kb
 bounds [0x0000000002260000, 0x00000000025c0000, 0x0000000011260000]
 total_blobs=1648 nmethods=959 adapters=602
 compilation: enabled

Compilation events (10 events):
Event: 7.645 Thread 0x00000000148be800  954   !   3       jogamp.opengl.GLDrawableHelper::execGLRunnables (115 bytes)
Event: 7.647 Thread 0x00000000148be800 nmethod 954 0x00000000025abed0 code [0x00000000025ac0e0, 0x00000000025acd28]
Event: 7.870 Thread 0x00000000148ad000  956   !   4       jogamp.common.os.MachineDescriptionRuntime::getStatic (42 bytes)
Event: 7.871 Thread 0x00000000148ad000 nmethod 956 0x000000000258e750 code [0x000000000258e880, 0x000000000258e8f8]
Event: 7.886 Thread 0x00000000148af000  957       4       java.util.concurrent.locks.ReentrantLock::lock (8 bytes)
Event: 7.887 Thread 0x00000000148ad000  958       4       java.util.concurrent.locks.ReentrantLock$NonfairSync::lock (25 bytes)
Event: 7.888 Thread 0x00000000148af000 nmethod 957 0x00000000025ae8d0 code [0x00000000025aea20, 0x00000000025aeae8]
Event: 7.888 Thread 0x00000000148ad000 nmethod 958 0x00000000025ae610 code [0x00000000025ae760, 0x00000000025ae828]
Event: 8.256 Thread 0x00000000148af000  959       4       java.nio.Buffer::position (43 bytes)
Event: 8.257 Thread 0x00000000148af000 nmethod 959 0x00000000025ae350 code [0x00000000025ae480, 0x00000000025ae538]

GC Heap History (4 events):
Event: 1.925 GC heap before
{Heap before GC invocations=1 (full 0):
 PSYoungGen      total 18944K, used 16384K [0x00000000eaf80000, 0x00000000ec480000, 0x0000000100000000)
  eden space 16384K, 100% used [0x00000000eaf80000,0x00000000ebf80000,0x00000000ebf80000)
  from space 2560K, 0% used [0x00000000ec200000,0x00000000ec200000,0x00000000ec480000)
  to   space 2560K, 0% used [0x00000000ebf80000,0x00000000ebf80000,0x00000000ec200000)
 ParOldGen       total 44032K, used 0K [0x00000000c0e00000, 0x00000000c3900000, 0x00000000eaf80000)
  object space 44032K, 0% used [0x00000000c0e00000,0x00000000c0e00000,0x00000000c3900000)
 Metaspace       used 10614K, capacity 10770K, committed 10880K, reserved 1058816K
  class space    used 1066K, capacity 1139K, committed 1152K, reserved 1048576K
Event: 1.935 GC heap after
Heap after GC invocations=1 (full 0):
 PSYoungGen      total 18944K, used 2539K [0x00000000eaf80000, 0x00000000ec480000, 0x0000000100000000)
  eden space 16384K, 0% used [0x00000000eaf80000,0x00000000eaf80000,0x00000000ebf80000)
  from space 2560K, 99% used [0x00000000ebf80000,0x00000000ec1facc8,0x00000000ec200000)
  to   space 2560K, 0% used [0x00000000ec200000,0x00000000ec200000,0x00000000ec480000)
 ParOldGen       total 44032K, used 218K [0x00000000c0e00000, 0x00000000c3900000, 0x00000000eaf80000)
  object space 44032K, 0% used [0x00000000c0e00000,0x00000000c0e36a00,0x00000000c3900000)
 Metaspace       used 10614K, capacity 10770K, committed 10880K, reserved 1058816K
  class space    used 1066K, capacity 1139K, committed 1152K, reserved 1048576K
}
Event: 2.205 GC heap before
{Heap before GC invocations=2 (full 0):
 PSYoungGen      total 18944K, used 18923K [0x00000000eaf80000, 0x00000000ec480000, 0x0000000100000000)
  eden space 16384K, 100% used [0x00000000eaf80000,0x00000000ebf80000,0x00000000ebf80000)
  from space 2560K, 99% used [0x00000000ebf80000,0x00000000ec1facc8,0x00000000ec200000)
  to   space 2560K, 0% used [0x00000000ec200000,0x00000000ec200000,0x00000000ec480000)
 ParOldGen       total 44032K, used 218K [0x00000000c0e00000, 0x00000000c3900000, 0x00000000eaf80000)
  object space 44032K, 0% used [0x00000000c0e00000,0x00000000c0e36a00,0x00000000c3900000)
 Metaspace       used 10646K, capacity 10834K, committed 10880K, reserved 1058816K
  class space    used 1066K, capacity 1139K, committed 1152K, reserved 1048576K
Event: 2.212 GC heap after
Heap after GC invocations=2 (full 0):
 PSYoungGen      total 18944K, used 1600K [0x00000000eaf80000, 0x00000000ed480000, 0x0000000100000000)
  eden space 16384K, 0% used [0x00000000eaf80000,0x00000000eaf80000,0x00000000ebf80000)
  from space 2560K, 62% used [0x00000000ec200000,0x00000000ec390020,0x00000000ec480000)
  to   space 2560K, 0% used [0x00000000ebf80000,0x00000000ebf80000,0x00000000ec200000)
 ParOldGen       total 44032K, used 218K [0x00000000c0e00000, 0x00000000c3900000, 0x00000000eaf80000)
  object space 44032K, 0% used [0x00000000c0e00000,0x00000000c0e36a00,0x00000000c3900000)
 Metaspace       used 10646K, capacity 10834K, committed 10880K, reserved 1058816K
  class space    used 1066K, capacity 1139K, committed 1152K, reserved 1048576K
}

Deoptimization events (4 events):
Event: 1.722 Thread 0x0000000002160800 Uncommon trap: reason=unstable_if action=reinterpret pc=0x00000000023c7528 method=java.lang.String.startsWith(Ljava/lang/String;I)Z @ 25
Event: 2.333 Thread 0x0000000002160800 Uncommon trap: reason=unstable_if action=reinterpret pc=0x0000000002451618 method=java.lang.AbstractStringBuilder.append(Ljava/lang/String;)Ljava/lang/AbstractStringBuilder; @ 1
Event: 2.334 Thread 0x0000000002160800 Uncommon trap: reason=unstable_if action=reinterpret pc=0x0000000002449988 method=java.lang.AbstractStringBuilder.append(Ljava/lang/String;)Ljava/lang/AbstractStringBuilder; @ 1
Event: 2.347 Thread 0x0000000016d66800 Uncommon trap: reason=unstable_if action=reinterpret pc=0x00000000024a3370 method=java.util.HashMap.containsKey(Ljava/lang/Object;)Z @ 9

Internal exceptions (10 events):
Event: 0.237 Thread 0x0000000002160800 Exception <a 'java/security/PrivilegedActionException'> (0x00000000eb112bc0) thrown at [C:\re\workspace\8-2-build-windows-amd64-cygwin\jdk8u74\6087\hotspot\src\share\vm\prims\jvm.cpp, line 1386]
Event: 0.237 Thread 0x0000000002160800 Exception <a 'java/security/PrivilegedActionException'> (0x00000000eb112dd0) thrown at [C:\re\workspace\8-2-build-windows-amd64-cygwin\jdk8u74\6087\hotspot\src\share\vm\prims\jvm.cpp, line 1386]
Event: 1.311 Thread 0x0000000002160800 Exception <a 'java/io/FileNotFoundException'> (0x00000000eb2f8570) thrown at [C:\re\workspace\8-2-build-windows-amd64-cygwin\jdk8u74\6087\hotspot\src\share\vm\prims\jni.cpp, line 709]
Event: 1.380 Thread 0x0000000002160800 Exception <a 'java/lang/NoSuchFieldError': method resolution failed> (0x00000000eb3c5aa8) thrown at [C:\re\workspace\8-2-build-windows-amd64-cygwin\jdk8u74\6087\hotspot\src\share\vm\prims\methodHandles.cpp, line 1146]
Event: 1.384 Thread 0x0000000002160800 Exception <a 'java/lang/NoSuchFieldError': method resolution failed> (0x00000000eb3d3248) thrown at [C:\re\workspace\8-2-build-windows-amd64-cygwin\jdk8u74\6087\hotspot\src\share\vm\prims\methodHandles.cpp, line 1146]
Event: 1.476 Thread 0x0000000002160800 Exception <a 'java/io/FileNotFoundException'> (0x00000000eb48ab20) thrown at [C:\re\workspace\8-2-build-windows-amd64-cygwin\jdk8u74\6087\hotspot\src\share\vm\prims\jni.cpp, line 709]
Event: 2.271 Thread 0x0000000002160800 Exception <a 'java/lang/InterruptedException'> (0x00000000eb44b240) thrown at [C:\re\workspace\8-2-build-windows-amd64-cygwin\jdk8u74\6087\hotspot\src\share\vm\runtime\objectMonitor.cpp, line 1684]
Event: 2.333 Thread 0x0000000002160800 Implicit null exception at 0x00000000024512d6 to 0x0000000002451601
Event: 2.334 Thread 0x0000000002160800 Implicit null exception at 0x0000000002449656 to 0x0000000002449971
Event: 2.413 Thread 0x0000000002160800 Exception <a 'java/lang/reflect/InvocationTargetException'> (0x00000000eb5c4fa8) thrown at [C:\re\workspace\8-2-build-windows-amd64-cygwin\jdk8u74\6087\hotspot\src\share\vm\runtime\reflection.cpp, line 1092]

Events (10 events):
Event: 3.728 loading class java/awt/AWTEvent$2
Event: 3.728 loading class java/awt/AWTEvent$2 done
Event: 3.728 loading class sun/reflect/UnsafeBooleanFieldAccessorImpl
Event: 3.729 loading class sun/reflect/UnsafeBooleanFieldAccessorImpl done
Event: 4.153 Executing VM operation: EnableBiasedLocking
Event: 4.153 Executing VM operation: EnableBiasedLocking done
Event: 4.302 Executing VM operation: BulkRevokeBias
Event: 4.302 Executing VM operation: BulkRevokeBias done
Event: 4.462 Executing VM operation: BulkRevokeBias
Event: 4.462 Executing VM operation: BulkRevokeBias done


Dynamic libraries:
0x00007ff7c91a0000 - 0x00007ff7c91d7000 	C:\Program Files\Java\jdk1.8.0_74\bin\java.exe
0x00007ffa4ea70000 - 0x00007ffa4ec31000 	C:\WINDOWS\SYSTEM32\ntdll.dll
0x00007ffa4c180000 - 0x00007ffa4c22d000 	C:\WINDOWS\system32\KERNEL32.DLL
0x00007ffa4b790000 - 0x00007ffa4b978000 	C:\WINDOWS\system32\KERNELBASE.dll
0x00007ffa4c750000 - 0x00007ffa4c7f7000 	C:\WINDOWS\system32\ADVAPI32.dll
0x00007ffa4c230000 - 0x00007ffa4c2cd000 	C:\WINDOWS\system32\msvcrt.dll
0x00007ffa4e890000 - 0x00007ffa4e8eb000 	C:\WINDOWS\system32\sechost.dll
0x00007ffa4c630000 - 0x00007ffa4c74c000 	C:\WINDOWS\system32\RPCRT4.dll
0x00007ffa4e6c0000 - 0x00007ffa4e816000 	C:\WINDOWS\system32\USER32.dll
0x00007ffa4be70000 - 0x00007ffa4bff6000 	C:\WINDOWS\system32\GDI32.dll
0x00007ffa3f4a0000 - 0x00007ffa3f714000 	C:\WINDOWS\WinSxS\amd64_microsoft.windows.common-controls_6595b64144ccf1df_6.0.10586.0_none_8c15ae12515e1c22\COMCTL32.dll
0x00007ffa4c9e0000 - 0x00007ffa4cc5d000 	C:\WINDOWS\system32\combase.dll
0x00007ffa4be00000 - 0x00007ffa4be6a000 	C:\WINDOWS\system32\bcryptPrimitives.dll
0x00007ffa4c5f0000 - 0x00007ffa4c62b000 	C:\WINDOWS\system32\IMM32.DLL
0x0000000067a00000 - 0x0000000067ad2000 	C:\Program Files\Java\jdk1.8.0_74\jre\bin\msvcr100.dll
0x0000000067ae0000 - 0x0000000068370000 	C:\Program Files\Java\jdk1.8.0_74\jre\bin\server\jvm.dll
0x00007ffa4e6b0000 - 0x00007ffa4e6b8000 	C:\WINDOWS\system32\PSAPI.DLL
0x00007ffa47450000 - 0x00007ffa47459000 	C:\WINDOWS\SYSTEM32\WSOCK32.dll
0x00007ffa4e820000 - 0x00007ffa4e88b000 	C:\WINDOWS\system32\WS2_32.dll
0x00007ffa49170000 - 0x00007ffa49193000 	C:\WINDOWS\SYSTEM32\WINMM.dll
0x00007ffa41510000 - 0x00007ffa4151a000 	C:\WINDOWS\SYSTEM32\VERSION.dll
0x00007ffa48ff0000 - 0x00007ffa4901c000 	C:\WINDOWS\SYSTEM32\WINMMBASE.dll
0x00007ffa4bdb0000 - 0x00007ffa4bdf3000 	C:\WINDOWS\system32\cfgmgr32.dll
0x00000000679b0000 - 0x00000000679bf000 	C:\Program Files\Java\jdk1.8.0_74\jre\bin\verify.dll
0x0000000067980000 - 0x00000000679a9000 	C:\Program Files\Java\jdk1.8.0_74\jre\bin\java.dll
0x0000000067960000 - 0x0000000067976000 	C:\Program Files\Java\jdk1.8.0_74\jre\bin\zip.dll
0x00007ffa4d090000 - 0x00007ffa4e5ec000 	C:\WINDOWS\system32\SHELL32.dll
0x00007ffa4b120000 - 0x00007ffa4b765000 	C:\WINDOWS\system32\windows.storage.dll
0x00007ffa4c800000 - 0x00007ffa4c852000 	C:\WINDOWS\system32\shlwapi.dll
0x00007ffa4b090000 - 0x00007ffa4b09f000 	C:\WINDOWS\system32\kernel.appcore.dll
0x00007ffa4bcf0000 - 0x00007ffa4bda5000 	C:\WINDOWS\system32\shcore.dll
0x00007ffa4b0c0000 - 0x00007ffa4b10b000 	C:\WINDOWS\system32\powrprof.dll
0x00007ffa4b0a0000 - 0x00007ffa4b0b4000 	C:\WINDOWS\system32\profapi.dll
0x00007ffa4aa10000 - 0x00007ffa4aa27000 	C:\WINDOWS\SYSTEM32\CRYPTSP.dll
0x00007ffa4a6a0000 - 0x00007ffa4a6d4000 	C:\WINDOWS\system32\rsaenh.dll
0x00007ffa4afd0000 - 0x00007ffa4aff9000 	C:\WINDOWS\SYSTEM32\bcrypt.dll
0x00007ffa4a7f0000 - 0x00007ffa4a80f000 	C:\WINDOWS\SYSTEM32\USERENV.dll
0x00007ffa4ab30000 - 0x00007ffa4ab3b000 	C:\WINDOWS\SYSTEM32\CRYPTBASE.dll
0x0000000067940000 - 0x000000006795a000 	C:\Program Files\Java\jdk1.8.0_74\jre\bin\net.dll
0x00007ffa4a960000 - 0x00007ffa4a9bc000 	C:\WINDOWS\system32\mswsock.dll
0x00007ffa46c90000 - 0x00007ffa46cc8000 	C:\WINDOWS\SYSTEM32\IPHLPAPI.DLL
0x00007ffa4c480000 - 0x00007ffa4c488000 	C:\WINDOWS\system32\NSI.dll
0x00007ffa446a0000 - 0x00007ffa446b6000 	C:\WINDOWS\SYSTEM32\dhcpcsvc6.DLL
0x00007ffa45d40000 - 0x00007ffa45d5a000 	C:\WINDOWS\SYSTEM32\dhcpcsvc.DLL
0x0000000067920000 - 0x0000000067931000 	C:\Program Files\Java\jdk1.8.0_74\jre\bin\nio.dll
0x00000000637c0000 - 0x00000000637ca000 	C:\Users\arsha\AppData\Local\Temp\jogamp.tmp.cache_000000\jln6226626109696405155\jln4424714520357514191\gluegen-rt.dll
0x0000000067780000 - 0x0000000067918000 	C:\Program Files\Java\jdk1.8.0_74\jre\bin\awt.dll
0x00007ffa4c000000 - 0x00007ffa4c0c1000 	C:\WINDOWS\system32\OLEAUT32.dll
0x00007ffa49880000 - 0x00007ffa498f9000 	C:\WINDOWS\system32\apphelp.dll
0x00007ffa49af0000 - 0x00007ffa49b86000 	C:\WINDOWS\system32\uxtheme.dll
0x00007ffa4c490000 - 0x00007ffa4c5ea000 	C:\WINDOWS\system32\MSCTF.dll
0x00007ffa48b30000 - 0x00007ffa48b52000 	C:\WINDOWS\system32\dwmapi.dll
0x00007ffa4c890000 - 0x00007ffa4c9d3000 	C:\WINDOWS\system32\ole32.dll
0x0000000067690000 - 0x0000000067697000 	C:\Program Files\Java\jdk1.8.0_74\jre\bin\jawt.dll
0x000000006a440000 - 0x000000006a44b000 	C:\Users\arsha\AppData\Local\Temp\jogamp.tmp.cache_000000\jln6226626109696405155\jln4424714520357514191\nativewindow_awt.dll
0x000000006c100000 - 0x000000006c10b000 	C:\Users\arsha\AppData\Local\Temp\jogamp.tmp.cache_000000\jln6226626109696405155\jln4424714520357514191\nativewindow_win32.dll
0x00007ffa44e40000 - 0x00007ffa44f69000 	C:\WINDOWS\SYSTEM32\OpenGL32.dll
0x00007ffa3a9c0000 - 0x00007ffa3aaba000 	C:\WINDOWS\SYSTEM32\DDRAW.dll
0x00007ffa44d90000 - 0x00007ffa44dbe000 	C:\WINDOWS\SYSTEM32\GLU32.dll
0x00007ffa48d50000 - 0x00007ffa48d58000 	C:\WINDOWS\SYSTEM32\DCIMAN32.dll
0x0000000064500000 - 0x000000006458a000 	C:\Users\arsha\AppData\Local\Temp\jogamp.tmp.cache_000000\jln6226626109696405155\jln4424714520357514191\jogl_desktop.dll
0x0000000067730000 - 0x0000000067777000 	C:\Program Files\Java\jdk1.8.0_74\jre\bin\fontmanager.dll
0x00007ffa2fab0000 - 0x00007ffa2fc3c000 	C:\WINDOWS\SYSTEM32\dbghelp.dll

VM Arguments:
jvm_args: -Dfile.encoding=UTF-8 
java_command: lab06rotate.Lab06rotate
java_class_path (initial): C:\Users\arsha\Dropbox\Spring 16\CSE423 Lab\Jar_Files\gluegen-rt-natives-windows-amd64.jar;C:\Users\arsha\Dropbox\Spring 16\CSE423 Lab\Jar_Files\gluegen-rt.jar;C:\Users\arsha\Dropbox\Spring 16\CSE423 Lab\Jar_Files\jogl-all-natives-windows-amd64.jar;C:\Users\arsha\Dropbox\Spring 16\CSE423 Lab\Jar_Files\jogl.all.jar;C:\Users\arsha\Documents\NetBeansProjects\lab06rotate\build\classes
Launcher Type: SUN_STANDARD

Environment Variables:
PATH=C:\ProgramData\Oracle\Java\javapath;C:\WINDOWS\system32;C:\WINDOWS;C:\WINDOWS\System32\Wbem;C:\WINDOWS\System32\WindowsPowerShell\v1.0\;C:\Program Files\Git\cmd;C:\Program Files (x86)\Skype\Phone\;C:\Program Files\Microsoft SQL Server\Client SDK\ODBC\110\Tools\Binn\;C:\Program Files (x86)\Microsoft SQL Server\120\Tools\Binn\ManagementStudio\;C:\Program Files (x86)\Microsoft SQL Server\120\Tools\Binn\;C:\Program Files\Microsoft SQL Server\120\Tools\Binn\;C:\Program Files (x86)\Microsoft SQL Server\120\DTS\Binn\;C:\Program Files\Microsoft SQL Server\120\DTS\Binn\;C:\Users\arsha\AppData\Local\atom\bin
USERNAME=arsha
OS=Windows_NT
PROCESSOR_IDENTIFIER=Intel64 Family 6 Model 42 Stepping 7, GenuineIntel



---------------  S Y S T E M  ---------------

OS: Windows 10.0 , 64 bit Build 10586 (10.0.10586.0)

CPU:total 4 (2 cores per cpu, 2 threads per core) family 6 model 42 stepping 7, cmov, cx8, fxsr, mmx, sse, sse2, sse3, ssse3, sse4.1, sse4.2, popcnt, avx, aes, clmul, ht, tsc, tscinvbit

Memory: 4k page, physical 4136812k(1330956k free), swap 5772776k(2047464k free)

vm_info: Java HotSpot(TM) 64-Bit Server VM (25.74-b02) for windows-amd64 JRE (1.8.0_74-b02), built on Jan 29 2016 17:42:36 by "java_re" with MS VC++ 10.0 (VS2010)

time: Sun Mar 20 15:31:38 2016
elapsed time: 8 seconds (0d 0h 0m 8s)

